[2018-04-09 22:06:40,874] INFO [GroupMetadataManager brokerId=0] Removed 0 expired offsets in 1 milliseconds. (kafka.coordinator.group.GroupMetadataManager)
[2018-04-09 22:09:52,890] INFO Terminating process due to signal SIGINT (kafka.Kafka$)
[2018-04-09 22:09:52,896] INFO [KafkaServer id=0] shutting down (kafka.server.KafkaServer)
[2018-04-09 22:09:52,898] INFO [KafkaServer id=0] Starting controlled shutdown (kafka.server.KafkaServer)
[2018-04-09 22:09:53,108] INFO [KafkaServer id=0] Controlled shutdown succeeded (kafka.server.KafkaServer)
[2018-04-09 22:09:53,113] INFO [/config/changes-event-process-thread]: Shutting down (kafka.common.ZkNodeChangeNotificationListener$ChangeEventProcessThread)
[2018-04-09 22:09:53,114] INFO [/config/changes-event-process-thread]: Shutdown completed (kafka.common.ZkNodeChangeNotificationListener$ChangeEventProcessThread)
[2018-04-09 22:09:53,114] INFO [/config/changes-event-process-thread]: Stopped (kafka.common.ZkNodeChangeNotificationListener$ChangeEventProcessThread)
[2018-04-09 22:09:53,115] INFO [SocketServer brokerId=0] Stopping socket server request processors (kafka.network.SocketServer)
[2018-04-09 22:09:53,128] INFO [SocketServer brokerId=0] Stopped socket server request processors (kafka.network.SocketServer)
[2018-04-09 22:09:53,130] INFO [Kafka Request Handler on Broker 0], shutting down (kafka.server.KafkaRequestHandlerPool)
[2018-04-09 22:09:53,132] INFO [Kafka Request Handler on Broker 0], shut down completely (kafka.server.KafkaRequestHandlerPool)
[2018-04-09 22:09:53,135] INFO [KafkaApi-0] Shutdown complete. (kafka.server.KafkaApis)
[2018-04-09 22:09:53,136] INFO [ExpirationReaper-0-topic]: Shutting down (kafka.server.DelayedOperationPurgatory$ExpiredOperationReaper)
[2018-04-09 22:09:53,328] INFO [ExpirationReaper-0-topic]: Shutdown completed (kafka.server.DelayedOperationPurgatory$ExpiredOperationReaper)
[2018-04-09 22:09:53,328] INFO [ExpirationReaper-0-topic]: Stopped (kafka.server.DelayedOperationPurgatory$ExpiredOperationReaper)
[2018-04-09 22:09:53,333] INFO [TransactionCoordinator id=0] Shutting down. (kafka.coordinator.transaction.TransactionCoordinator)
[2018-04-09 22:09:53,334] INFO [ProducerId Manager 0]: Shutdown complete: last producerId assigned 0 (kafka.coordinator.transaction.ProducerIdManager)
[2018-04-09 22:09:53,334] INFO [Transaction State Manager 0]: Shutdown complete (kafka.coordinator.transaction.TransactionStateManager)
[2018-04-09 22:09:53,334] INFO [Transaction Marker Channel Manager 0]: Shutting down (kafka.coordinator.transaction.TransactionMarkerChannelManager)
[2018-04-09 22:09:53,334] INFO [Transaction Marker Channel Manager 0]: Stopped (kafka.coordinator.transaction.TransactionMarkerChannelManager)
[2018-04-09 22:09:53,334] INFO [Transaction Marker Channel Manager 0]: Shutdown completed (kafka.coordinator.transaction.TransactionMarkerChannelManager)
[2018-04-09 22:09:53,335] INFO [TransactionCoordinator id=0] Shutdown complete. (kafka.coordinator.transaction.TransactionCoordinator)
[2018-04-09 22:09:53,336] INFO [GroupCoordinator 0]: Shutting down. (kafka.coordinator.group.GroupCoordinator)
[2018-04-09 22:09:53,336] INFO [ExpirationReaper-0-Heartbeat]: Shutting down (kafka.server.DelayedOperationPurgatory$ExpiredOperationReaper)
[2018-04-09 22:09:53,533] INFO [ExpirationReaper-0-Heartbeat]: Stopped (kafka.server.DelayedOperationPurgatory$ExpiredOperationReaper)
[2018-04-09 22:09:53,533] INFO [ExpirationReaper-0-Heartbeat]: Shutdown completed (kafka.server.DelayedOperationPurgatory$ExpiredOperationReaper)
[2018-04-09 22:09:53,533] INFO [ExpirationReaper-0-Rebalance]: Shutting down (kafka.server.DelayedOperationPurgatory$ExpiredOperationReaper)
[2018-04-09 22:09:53,737] INFO [ExpirationReaper-0-Rebalance]: Stopped (kafka.server.DelayedOperationPurgatory$ExpiredOperationReaper)
[2018-04-09 22:09:53,737] INFO [ExpirationReaper-0-Rebalance]: Shutdown completed (kafka.server.DelayedOperationPurgatory$ExpiredOperationReaper)
[2018-04-09 22:09:53,738] INFO [GroupCoordinator 0]: Shutdown complete. (kafka.coordinator.group.GroupCoordinator)
[2018-04-09 22:09:53,741] INFO [ReplicaManager broker=0] Shutting down (kafka.server.ReplicaManager)
[2018-04-09 22:09:53,742] INFO [LogDirFailureHandler]: Shutting down (kafka.server.ReplicaManager$LogDirFailureHandler)
[2018-04-09 22:09:53,742] INFO [LogDirFailureHandler]: Stopped (kafka.server.ReplicaManager$LogDirFailureHandler)
[2018-04-09 22:09:53,742] INFO [LogDirFailureHandler]: Shutdown completed (kafka.server.ReplicaManager$LogDirFailureHandler)
[2018-04-09 22:09:53,743] INFO [ReplicaFetcherManager on broker 0] shutting down (kafka.server.ReplicaFetcherManager)
[2018-04-09 22:09:53,745] INFO [ReplicaFetcherManager on broker 0] shutdown completed (kafka.server.ReplicaFetcherManager)
[2018-04-09 22:09:53,745] INFO [ReplicaAlterLogDirsManager on broker 0] shutting down (kafka.server.ReplicaAlterLogDirsManager)
[2018-04-09 22:09:53,746] INFO [ReplicaAlterLogDirsManager on broker 0] shutdown completed (kafka.server.ReplicaAlterLogDirsManager)
[2018-04-09 22:09:53,746] INFO [ExpirationReaper-0-Fetch]: Shutting down (kafka.server.DelayedOperationPurgatory$ExpiredOperationReaper)
[2018-04-09 22:09:53,905] INFO [ExpirationReaper-0-Fetch]: Stopped (kafka.server.DelayedOperationPurgatory$ExpiredOperationReaper)
[2018-04-09 22:09:53,905] INFO [ExpirationReaper-0-Fetch]: Shutdown completed (kafka.server.DelayedOperationPurgatory$ExpiredOperationReaper)
[2018-04-09 22:09:53,905] INFO [ExpirationReaper-0-Produce]: Shutting down (kafka.server.DelayedOperationPurgatory$ExpiredOperationReaper)
[2018-04-09 22:09:53,939] INFO [ExpirationReaper-0-Produce]: Stopped (kafka.server.DelayedOperationPurgatory$ExpiredOperationReaper)
[2018-04-09 22:09:53,940] INFO [ExpirationReaper-0-Produce]: Shutdown completed (kafka.server.DelayedOperationPurgatory$ExpiredOperationReaper)
[2018-04-09 22:09:53,940] INFO [ExpirationReaper-0-DeleteRecords]: Shutting down (kafka.server.DelayedOperationPurgatory$ExpiredOperationReaper)
[2018-04-09 22:09:54,144] INFO [ExpirationReaper-0-DeleteRecords]: Stopped (kafka.server.DelayedOperationPurgatory$ExpiredOperationReaper)
[2018-04-09 22:09:54,144] INFO [ExpirationReaper-0-DeleteRecords]: Shutdown completed (kafka.server.DelayedOperationPurgatory$ExpiredOperationReaper)
[2018-04-09 22:09:54,148] INFO [ReplicaManager broker=0] Shut down completely (kafka.server.ReplicaManager)
[2018-04-09 22:09:54,149] INFO Shutting down. (kafka.log.LogManager)
[2018-04-09 22:09:54,163] INFO [ProducerStateManager partition=word-count-input-0] Writing producer snapshot at offset 4 (kafka.log.ProducerStateManager)
[2018-04-09 22:09:54,178] INFO [ProducerStateManager partition=streams-starter-app-KSTREAM-AGGREGATE-STATE-STORE-0000000004-changelog-1] Writing producer snapshot at offset 15 (kafka.log.ProducerStateManager)
[2018-04-09 22:09:54,184] INFO [ProducerStateManager partition=__consumer_offsets-19] Writing producer snapshot at offset 14 (kafka.log.ProducerStateManager)
[2018-04-09 22:09:54,185] INFO [ProducerStateManager partition=word-count-output-1] Writing producer snapshot at offset 15 (kafka.log.ProducerStateManager)
[2018-04-09 22:09:54,188] INFO [ProducerStateManager partition=word-count-output-0] Writing producer snapshot at offset 12 (kafka.log.ProducerStateManager)
[2018-04-09 22:09:54,189] INFO [ProducerStateManager partition=streams-starter-app-KSTREAM-AGGREGATE-STATE-STORE-0000000004-changelog-0] Writing producer snapshot at offset 12 (kafka.log.ProducerStateManager)
[2018-04-09 22:09:54,196] INFO [ProducerStateManager partition=word-count-input-1] Writing producer snapshot at offset 4 (kafka.log.ProducerStateManager)
[2018-04-09 22:09:54,197] INFO [ProducerStateManager partition=__consumer_offsets-1] Writing producer snapshot at offset 10 (kafka.log.ProducerStateManager)
[2018-04-09 22:09:54,199] INFO [ProducerStateManager partition=__consumer_offsets-5] Writing producer snapshot at offset 809 (kafka.log.ProducerStateManager)
[2018-04-09 22:09:54,213] INFO Shutdown complete. (kafka.log.LogManager)
[2018-04-09 22:09:54,229] INFO [ZooKeeperClient] Closing. (kafka.zookeeper.ZooKeeperClient)
[2018-04-09 22:09:54,754] INFO Session: 0x162ad277ca50000 closed (org.apache.zookeeper.ZooKeeper)
[2018-04-09 22:09:54,756] INFO [ZooKeeperClient] Closed. (kafka.zookeeper.ZooKeeperClient)
[2018-04-09 22:09:54,756] INFO EventThread shut down for session: 0x162ad277ca50000 (org.apache.zookeeper.ClientCnxn)
[2018-04-09 22:09:54,756] INFO [ThrottledRequestReaper-Fetch]: Shutting down (kafka.server.ClientQuotaManager$ThrottledRequestReaper)
[2018-04-09 22:09:55,282] INFO [ThrottledRequestReaper-Fetch]: Stopped (kafka.server.ClientQuotaManager$ThrottledRequestReaper)
[2018-04-09 22:09:55,282] INFO [ThrottledRequestReaper-Fetch]: Shutdown completed (kafka.server.ClientQuotaManager$ThrottledRequestReaper)
[2018-04-09 22:09:55,283] INFO [ThrottledRequestReaper-Produce]: Shutting down (kafka.server.ClientQuotaManager$ThrottledRequestReaper)
[2018-04-09 22:09:56,287] INFO [ThrottledRequestReaper-Produce]: Stopped (kafka.server.ClientQuotaManager$ThrottledRequestReaper)
[2018-04-09 22:09:56,287] INFO [ThrottledRequestReaper-Produce]: Shutdown completed (kafka.server.ClientQuotaManager$ThrottledRequestReaper)
[2018-04-09 22:09:56,288] INFO [ThrottledRequestReaper-Request]: Shutting down (kafka.server.ClientQuotaManager$ThrottledRequestReaper)
[2018-04-09 22:09:57,291] INFO [ThrottledRequestReaper-Request]: Stopped (kafka.server.ClientQuotaManager$ThrottledRequestReaper)
[2018-04-09 22:09:57,291] INFO [ThrottledRequestReaper-Request]: Shutdown completed (kafka.server.ClientQuotaManager$ThrottledRequestReaper)
[2018-04-09 22:09:57,294] INFO [SocketServer brokerId=0] Shutting down socket server (kafka.network.SocketServer)
[2018-04-09 22:09:57,330] INFO [SocketServer brokerId=0] Shutdown completed (kafka.network.SocketServer)
[2018-04-09 22:09:57,339] INFO [KafkaServer id=0] shut down completed (kafka.server.KafkaServer)
